<?xml version="1.0" encoding="UTF-8"?>
<testsuite xmlns:xsi="http://www.w3.org/2001/XMLSchema-instance" xsi:noNamespaceSchemaLocation="https://maven.apache.org/surefire/maven-surefire-plugin/xsd/surefire-test-report.xsd" version="3.0.2" name="core.CoreApplicationTests" time="2.299" tests="1" errors="0" skipped="0" failures="0">
  <properties>
[...]
</properties>
  <testcase name="contextLoads" classname="core.CoreApplicationTests" time="0.469">
    <system-out><![CDATA[18:28:44.365 [main] INFO org.springframework.test.context.support.AnnotationConfigContextLoaderUtils -- Could not detect default configuration classes for test class [core.CoreApplicationTests]: CoreApplicationTests does not declare any static, non-private, non-final, nested classes annotated with @Configuration.
18:28:44.439 [main] INFO org.springframework.boot.test.context.SpringBootTestContextBootstrapper -- Found @SpringBootConfiguration core.CoreApplication for test class core.CoreApplicationTests

  .   ____          _            __ _ _
 /\\ / ___'_ __ _ _(_)_ __  __ _ \ \ \ \
( ( )\___ | '_ | '_| | '_ \/ _` | \ \ \ \
 \\/  ___)| |_)| | | | | || (_| |  ) ) ) )
  '  |____| .__|_| |_|_| |_\__, | / / / /
 =========|_|==============|___/=/_/_/_/

 :: Spring Boot ::                (v3.5.8)

2025-12-15T18:28:44.725+05:30  INFO 13004 --- [core] [           main] core.CoreApplicationTests                : Starting CoreApplicationTests using Java 17.0.17 with PID 13004 (started by vansh in /Users/vansh/Downloads/core)
2025-12-15T18:28:44.726+05:30  INFO 13004 --- [core] [           main] core.CoreApplicationTests                : No active profile set, falling back to 1 default profile: "default"
2025-12-15T18:28:45.292+05:30 DEBUG 13004 --- [core] [           main] o.a.camel.spring.SpringCamelContext      : Set the application context classloader to: jdk.internal.loader.ClassLoaders$AppClassLoader@42110406
2025-12-15T18:28:45.296+05:30 DEBUG 13004 --- [core] [           main] o.apache.camel.support.LRUCacheFactory   : Creating DefaultLRUCacheFactory
2025-12-15T18:28:45.296+05:30 DEBUG 13004 --- [core] [           main] o.a.c.i.e.DefaultCamelContextExtension   : Setting up management with factory: org.apache.camel.impl.engine.DefaultManagementStrategyFactory@79aee22a
2025-12-15T18:28:45.300+05:30 DEBUG 13004 --- [core] [           main] o.apache.camel.support.ResolverHelper    : Found HealthCheckRegistry: org.apache.camel.impl.health.DefaultHealthCheckRegistry via: META-INF/services/org/apache/camel/health-check/default-registry
2025-12-15T18:28:45.304+05:30 DEBUG 13004 --- [core] [           main] o.apache.camel.support.ResolverHelper    : Detected and using HealthCheckRegistry: org.apache.camel.impl.health.DefaultHealthCheckRegistry@6198e9b5
2025-12-15T18:28:45.305+05:30 DEBUG 13004 --- [core] [           main] o.a.c.i.h.DefaultHealthCheckRegistry     : HealthCheckRepository with id registry-health-check-repository successfully registered
2025-12-15T18:28:45.310+05:30 DEBUG 13004 --- [core] [           main] o.a.c.i.c.BaseTypeConverterRegistry      : Loading file META-INF/services/org/apache/camel/TypeConverterLoader to retrieve list of type converters, from url: jar:file:/Users/vansh/.m2/repository/org/apache/camel/camel-spring/4.16.0/camel-spring-4.16.0.jar!/META-INF/services/org/apache/camel/TypeConverterLoader
2025-12-15T18:28:45.311+05:30 DEBUG 13004 --- [core] [           main] o.a.c.i.c.BaseTypeConverterRegistry      : Loading file META-INF/services/org/apache/camel/TypeConverterLoader to retrieve list of type converters, from url: jar:file:/Users/vansh/.m2/repository/org/apache/camel/camel-base/4.16.0/camel-base-4.16.0.jar!/META-INF/services/org/apache/camel/TypeConverterLoader
2025-12-15T18:28:45.311+05:30 DEBUG 13004 --- [core] [           main] o.a.c.i.c.BaseTypeConverterRegistry      : Loading file META-INF/services/org/apache/camel/TypeConverterLoader to retrieve list of type converters, from url: jar:file:/Users/vansh/.m2/repository/org/apache/camel/camel-file/4.16.0/camel-file-4.16.0.jar!/META-INF/services/org/apache/camel/TypeConverterLoader
2025-12-15T18:28:45.312+05:30 DEBUG 13004 --- [core] [           main] o.a.c.i.c.BaseTypeConverterRegistry      : Loading file META-INF/services/org/apache/camel/TypeConverterLoader to retrieve list of type converters, from url: jar:file:/Users/vansh/.m2/repository/org/apache/camel/camel-xml-jaxp/4.16.0/camel-xml-jaxp-4.16.0.jar!/META-INF/services/org/apache/camel/TypeConverterLoader
2025-12-15T18:28:45.312+05:30 DEBUG 13004 --- [core] [           main] o.a.c.i.c.BaseTypeConverterRegistry      : Loading file META-INF/services/org/apache/camel/TypeConverterLoader to retrieve list of type converters, from url: jar:file:/Users/vansh/.m2/repository/org/apache/camel/camel-support/4.16.0/camel-support-4.16.0.jar!/META-INF/services/org/apache/camel/TypeConverterLoader
2025-12-15T18:28:45.312+05:30 DEBUG 13004 --- [core] [           main] o.a.c.i.c.BaseTypeConverterRegistry      : Resolving TypeConverterLoader: org.apache.camel.spring.converter.ResourceConverterLoader
2025-12-15T18:28:45.314+05:30 DEBUG 13004 --- [core] [           main] o.a.c.i.c.BaseTypeConverterRegistry      : TypeConverterLoader: org.apache.camel.spring.converter.ResourceConverterLoader loading converters
2025-12-15T18:28:45.315+05:30 DEBUG 13004 --- [core] [           main] o.a.c.i.c.BaseTypeConverterRegistry      : Resolving TypeConverterLoader: org.apache.camel.converter.CamelBaseBulkConverterLoader
2025-12-15T18:28:45.317+05:30 DEBUG 13004 --- [core] [           main] o.a.c.i.c.BaseTypeConverterRegistry      : TypeConverterLoader: org.apache.camel.converter.CamelBaseBulkConverterLoader loading converters
2025-12-15T18:28:45.318+05:30 DEBUG 13004 --- [core] [           main] o.a.c.i.c.BaseTypeConverterRegistry      : Resolving TypeConverterLoader: org.apache.camel.component.file.GenericFileConverterLoader
2025-12-15T18:28:45.319+05:30 DEBUG 13004 --- [core] [           main] o.a.c.i.c.BaseTypeConverterRegistry      : TypeConverterLoader: org.apache.camel.component.file.GenericFileConverterLoader loading converters
2025-12-15T18:28:45.320+05:30 DEBUG 13004 --- [core] [           main] o.a.c.i.c.BaseTypeConverterRegistry      : Resolving TypeConverterLoader: org.apache.camel.converter.jaxp.CamelXmlJaxpBulkConverterLoader
2025-12-15T18:28:45.323+05:30 DEBUG 13004 --- [core] [           main] o.a.c.i.c.BaseTypeConverterRegistry      : TypeConverterLoader: org.apache.camel.converter.jaxp.CamelXmlJaxpBulkConverterLoader loading converters
2025-12-15T18:28:45.325+05:30 DEBUG 13004 --- [core] [           main] o.a.c.i.c.BaseTypeConverterRegistry      : Resolving TypeConverterLoader: org.apache.camel.converter.stream.StreamCacheBulkConverterLoader
2025-12-15T18:28:45.326+05:30 DEBUG 13004 --- [core] [           main] o.a.c.i.c.BaseTypeConverterRegistry      : TypeConverterLoader: org.apache.camel.converter.stream.StreamCacheBulkConverterLoader loading converters
2025-12-15T18:28:45.327+05:30 DEBUG 13004 --- [core] [           main] o.a.c.i.converter.DefaultTypeConverter   : Loaded 243 type converters in 17ms
2025-12-15T18:28:45.330+05:30 DEBUG 13004 --- [core] [           main] o.a.c.impl.engine.AbstractCamelContext   : Apache Camel 4.16.0 (camel-1) built in 32ms
2025-12-15T18:28:45.339+05:30 DEBUG 13004 --- [core] [           main] o.a.c.i.e.BaseExecutorServiceManager     : Created new ScheduledThreadPool for source: ErrorHandlerRedeliveryThreadPool with name: ErrorHandlerRedeliveryTask -> org.apache.camel.util.concurrent.SizedScheduledExecutorService@748a654a[ErrorHandlerRedeliveryTask]
2025-12-15T18:28:45.342+05:30 DEBUG 13004 --- [core] [           main] o.a.c.i.e.DefaultConfigurerResolver      : Found configurer: spring-event-component via type: org.apache.camel.component.event.EventComponentConfigurer via: META-INF/services/org/apache/camel/configurer/spring-event-component
2025-12-15T18:28:45.344+05:30 DEBUG 13004 --- [core] [           main] o.a.c.i.e.DefaultConfigurerResolver      : Found configurer: spring-event-endpoint via type: org.apache.camel.component.event.EventEndpointConfigurer via: META-INF/services/org/apache/camel/configurer/spring-event-endpoint
2025-12-15T18:28:45.358+05:30 DEBUG 13004 --- [core] [           main] o.a.c.i.e.DefaultConfigurerResolver      : Found configurer: spring-event-component via type: org.apache.camel.component.event.EventComponentConfigurer via: META-INF/services/org/apache/camel/configurer/spring-event-component
2025-12-15T18:28:45.416+05:30 DEBUG 13004 --- [core] [           main] o.a.camel.spring.SpringCamelContext      : Set the application context classloader to: jdk.internal.loader.ClassLoaders$AppClassLoader@42110406
2025-12-15T18:28:45.793+05:30 DEBUG 13004 --- [core] [           main] c.s.b.CamelSpringBootApplicationListener : Post-processing CamelContext bean: camel-1
2025-12-15T18:28:45.795+05:30 DEBUG 13004 --- [core] [           main] org.apache.camel.main.RoutesConfigurer   : RoutesCollectorEnabled: org.apache.camel.spring.boot.CamelSpringBootRoutesCollector@3313d477
2025-12-15T18:28:45.795+05:30 DEBUG 13004 --- [core] [           main] o.a.c.s.b.CamelSpringBootRoutesCollector : Java RoutesBuilder: core/route/SimpleRoute accepted by include/exclude filter: true
2025-12-15T18:28:45.797+05:30 DEBUG 13004 --- [core] [           main] o.apache.camel.support.ResolverHelper    : Found ResourceResolver: org.apache.camel.impl.engine.DefaultResourceResolvers$SourceResolver via: META-INF/services/org/apache/camel/source
2025-12-15T18:28:45.799+05:30 DEBUG 13004 --- [core] [           main] o.apache.camel.support.ResolverHelper    : Detected and using ResourceResolver: org.apache.camel.impl.engine.DefaultResourceResolvers$SourceResolver@9e02f84
2025-12-15T18:28:45.800+05:30 DEBUG 13004 --- [core] [           main] org.apache.camel.main.RoutesConfigurer   : Discovered 1 additional RoutesBuilder from registry: classpath:camel/*,classpath:camel-template/*,classpath:camel-rest/*
2025-12-15T18:28:45.801+05:30 DEBUG 13004 --- [core] [           main] o.a.c.s.b.CamelSpringBootRoutesCollector : Finding additional routes from: classpath:camel/*
2025-12-15T18:28:45.801+05:30 DEBUG 13004 --- [core] [           main] o.a.c.s.b.CamelSpringBootRoutesCollector : Finding additional routes from: classpath:camel-template/*
2025-12-15T18:28:45.801+05:30 DEBUG 13004 --- [core] [           main] o.a.c.s.b.CamelSpringBootRoutesCollector : Finding additional routes from: classpath:camel-rest/*
2025-12-15T18:28:45.801+05:30 DEBUG 13004 --- [core] [           main] o.a.c.s.b.CamelSpringBootRoutesCollector : No additional RoutesBuilder discovered from: classpath:camel/*,classpath:camel-template/*,classpath:camel-rest/*
2025-12-15T18:28:45.803+05:30 DEBUG 13004 --- [core] [           main] org.apache.camel.main.RoutesConfigurer   : Adding routes into CamelContext from RoutesBuilder: Routes: []
2025-12-15T18:28:45.803+05:30 DEBUG 13004 --- [core] [           main] o.a.c.impl.engine.AbstractCamelContext   : Adding routes from builder: Routes: []
2025-12-15T18:28:45.824+05:30 DEBUG 13004 --- [core] [           main] o.a.c.i.e.DefaultConfigurerResolver      : Found configurer: org.apache.camel.spi.RestConfiguration via type: org.apache.camel.impl.RestConfigurationConfigurer via: META-INF/services/org/apache/camel/configurer/org.apache.camel.spi.RestConfiguration
2025-12-15T18:28:45.825+05:30 DEBUG 13004 --- [core] [           main] o.a.c.i.e.DefaultConfigurerResolver      : Found configurer: org.apache.camel.spi.RestConfiguration via type: org.apache.camel.impl.RestConfigurationConfigurer via: META-INF/services/org/apache/camel/configurer/org.apache.camel.spi.RestConfiguration
2025-12-15T18:28:45.826+05:30 DEBUG 13004 --- [core] [           main] o.a.c.i.e.DefaultConfigurerResolver      : Found configurer: org.apache.camel.spi.RestConfiguration via type: org.apache.camel.impl.RestConfigurationConfigurer via: META-INF/services/org/apache/camel/configurer/org.apache.camel.spi.RestConfiguration
2025-12-15T18:28:45.828+05:30 DEBUG 13004 --- [core] [           main] o.a.c.i.e.DefaultConfigurerResolver      : Found configurer: org.apache.camel.spi.RestConfiguration via type: org.apache.camel.impl.RestConfigurationConfigurer via: META-INF/services/org/apache/camel/configurer/org.apache.camel.spi.RestConfiguration
2025-12-15T18:28:45.828+05:30 DEBUG 13004 --- [core] [           main] o.a.c.i.e.DefaultConfigurerResolver      : Found configurer: org.apache.camel.spi.RestConfiguration via type: org.apache.camel.impl.RestConfigurationConfigurer via: META-INF/services/org/apache/camel/configurer/org.apache.camel.spi.RestConfiguration
2025-12-15T18:28:45.828+05:30 DEBUG 13004 --- [core] [           main] o.a.c.i.e.DefaultConfigurerResolver      : Found configurer: org.apache.camel.spi.RestConfiguration via type: org.apache.camel.impl.RestConfigurationConfigurer via: META-INF/services/org/apache/camel/configurer/org.apache.camel.spi.RestConfiguration
2025-12-15T18:28:45.829+05:30 DEBUG 13004 --- [core] [           main] o.a.c.i.e.DefaultConfigurerResolver      : Found configurer: org.apache.camel.spi.RestConfiguration via type: org.apache.camel.impl.RestConfigurationConfigurer via: META-INF/services/org/apache/camel/configurer/org.apache.camel.spi.RestConfiguration
2025-12-15T18:28:45.829+05:30 DEBUG 13004 --- [core] [           main] o.a.c.i.e.DefaultConfigurerResolver      : Found configurer: org.apache.camel.spi.RestConfiguration via type: org.apache.camel.impl.RestConfigurationConfigurer via: META-INF/services/org/apache/camel/configurer/org.apache.camel.spi.RestConfiguration
2025-12-15T18:28:45.829+05:30 DEBUG 13004 --- [core] [           main] o.a.c.i.e.DefaultConfigurerResolver      : Found configurer: org.apache.camel.spi.RestConfiguration via type: org.apache.camel.impl.RestConfigurationConfigurer via: META-INF/services/org/apache/camel/configurer/org.apache.camel.spi.RestConfiguration
2025-12-15T18:28:45.829+05:30 DEBUG 13004 --- [core] [           main] o.a.c.i.e.DefaultConfigurerResolver      : Found configurer: org.apache.camel.spi.RestConfiguration via type: org.apache.camel.impl.RestConfigurationConfigurer via: META-INF/services/org/apache/camel/configurer/org.apache.camel.spi.RestConfiguration
2025-12-15T18:28:45.830+05:30 DEBUG 13004 --- [core] [           main] o.a.c.i.e.DefaultConfigurerResolver      : Found configurer: org.apache.camel.spi.RestConfiguration via type: org.apache.camel.impl.RestConfigurationConfigurer via: META-INF/services/org/apache/camel/configurer/org.apache.camel.spi.RestConfiguration
2025-12-15T18:28:45.831+05:30 DEBUG 13004 --- [core] [           main] org.apache.camel.main.RoutesConfigurer   : Adding templated routes into CamelContext from RoutesBuilder: Routes: [Route[From[spring-rabbitmq:demo.exchange?queues=demo] -> [Log[Data from rabbitMQ: ${body}], to[spring-rabbitmq:demo.exchange?queues=demo]]]]
2025-12-15T18:28:45.832+05:30 DEBUG 13004 --- [core] [           main] o.a.c.impl.engine.AbstractCamelContext   : Adding templated routes from builder: Routes: [Route[From[spring-rabbitmq:demo.exchange?queues=demo] -> [Log[Data from rabbitMQ: ${body}], to[spring-rabbitmq:demo.exchange?queues=demo]]]]
2025-12-15T18:28:45.839+05:30 DEBUG 13004 --- [core] [           main] o.a.camel.spring.SpringCamelContext      : onApplicationEvent: org.springframework.context.event.ContextRefreshedEvent[source=org.springframework.context.annotation.AnnotationConfigApplicationContext@7bdf6bb7, started on Mon Dec 15 18:28:44 IST 2025]
2025-12-15T18:28:45.857+05:30 DEBUG 13004 --- [core] [           main] o.a.c.impl.engine.AbstractCamelContext   : Resolving language: simple
2025-12-15T18:28:45.858+05:30 DEBUG 13004 --- [core] [           main] o.apache.camel.support.ResolverHelper    : Lookup Language with name simple in registry. Found: null
2025-12-15T18:28:45.858+05:30 DEBUG 13004 --- [core] [           main] o.apache.camel.support.ResolverHelper    : Lookup Language with name simple-language in registry. Found: null
2025-12-15T18:28:45.862+05:30 DEBUG 13004 --- [core] [           main] o.a.c.language.simple.SimpleLanguage     : Simple language predicate/expression cache size: 1000
2025-12-15T18:28:45.885+05:30 DEBUG 13004 --- [core] [           main] o.a.c.impl.engine.AbstractCamelContext   : Using ComponentResolver: org.apache.camel.impl.engine.DefaultComponentResolver@18a98913 to resolve component with name: spring-rabbitmq
2025-12-15T18:28:45.885+05:30 DEBUG 13004 --- [core] [           main] o.apache.camel.support.ResolverHelper    : Lookup Component with name spring-rabbitmq in registry. Found: null
2025-12-15T18:28:45.885+05:30 DEBUG 13004 --- [core] [           main] o.apache.camel.support.ResolverHelper    : Lookup Component with name spring-rabbitmq-component in registry. Found: null
2025-12-15T18:28:45.887+05:30 DEBUG 13004 --- [core] [           main] o.a.c.i.engine.DefaultComponentResolver  : Found component: spring-rabbitmq via type: org.apache.camel.component.springrabbit.SpringRabbitMQComponent via: META-INF/services/org/apache/camel/component/spring-rabbitmq
2025-12-15T18:28:45.891+05:30 DEBUG 13004 --- [core] [           main] o.a.c.i.e.DefaultConfigurerResolver      : Found configurer: spring-rabbitmq-component via type: org.apache.camel.component.springrabbit.SpringRabbitMQComponentConfigurer via: META-INF/services/org/apache/camel/configurer/spring-rabbitmq-component
2025-12-15T18:28:45.892+05:30 DEBUG 13004 --- [core] [           main] o.a.c.i.e.DefaultConfigurerResolver      : Found configurer: spring-rabbitmq-endpoint via type: org.apache.camel.component.springrabbit.SpringRabbitMQEndpointConfigurer via: META-INF/services/org/apache/camel/configurer/spring-rabbitmq-endpoint
2025-12-15T18:28:45.906+05:30 DEBUG 13004 --- [core] [           main] o.a.c.i.e.DefaultConfigurerResolver      : Found configurer: spring-rabbitmq-component via type: org.apache.camel.component.springrabbit.SpringRabbitMQComponentConfigurer via: META-INF/services/org/apache/camel/configurer/spring-rabbitmq-component
2025-12-15T18:28:45.907+05:30  INFO 13004 --- [core] [           main] o.a.c.support.LifecycleStrategySupport   : Autowired property: amqpAdmin on component: spring-rabbitmq as exactly one instance of type: org.springframework.amqp.core.AmqpAdmin (org.springframework.amqp.rabbit.core.RabbitAdmin) found in the registry
2025-12-15T18:28:45.907+05:30  INFO 13004 --- [core] [           main] o.a.c.support.LifecycleStrategySupport   : Autowired property: connectionFactory on component: spring-rabbitmq as exactly one instance of type: org.springframework.amqp.rabbit.connection.ConnectionFactory (org.springframework.amqp.rabbit.connection.CachingConnectionFactory) found in the registry
2025-12-15T18:28:45.909+05:30 DEBUG 13004 --- [core] [           main] o.apache.camel.support.DefaultComponent  : Creating endpoint uri=[spring-rabbitmq://demo.exchange?queues=demo], path=[demo.exchange]
2025-12-15T18:28:45.913+05:30 DEBUG 13004 --- [core] [           main] o.a.c.impl.engine.AbstractCamelContext   : spring-rabbitmq://demo.exchange?queues=demo converted to endpoint: spring-rabbitmq://demo.exchange?queues=demo by component: org.apache.camel.component.springrabbit.SpringRabbitMQComponent@3111631d
2025-12-15T18:28:45.917+05:30 DEBUG 13004 --- [core] [           main] o.apache.camel.support.ResolverHelper    : Found ProcessorFactory: org.apache.camel.processor.DefaultProcessorFactory via: META-INF/services/org/apache/camel/processor-factory
2025-12-15T18:28:45.917+05:30 DEBUG 13004 --- [core] [           main] o.apache.camel.support.ResolverHelper    : Detected and using ProcessorFactory: org.apache.camel.processor.DefaultProcessorFactory@4975dda1
2025-12-15T18:28:45.918+05:30 DEBUG 13004 --- [core] [           main] o.a.c.impl.engine.AbstractCamelContext   : Resolving language: simple
2025-12-15T18:28:45.925+05:30 DEBUG 13004 --- [core] [           main] org.apache.camel.reifier.LogReifier      : LogName is not configured, using route id as logName: route1
2025-12-15T18:28:45.927+05:30 DEBUG 13004 --- [core] [           main] o.apache.camel.support.ResolverHelper    : Found InternalProcessorFactory: org.apache.camel.processor.DefaultInternalProcessorFactory via: META-INF/services/org/apache/camel/internal-processor-factory
2025-12-15T18:28:45.927+05:30 DEBUG 13004 --- [core] [           main] o.apache.camel.support.ResolverHelper    : Detected and using InternalProcessorFactory: org.apache.camel.processor.DefaultInternalProcessorFactory@7ac48f05
2025-12-15T18:28:45.940+05:30 DEBUG 13004 --- [core] [           main] o.a.c.i.e.InternalRouteStartupManager    : Initializing route id: route1
2025-12-15T18:28:45.949+05:30 DEBUG 13004 --- [core] [           main] o.a.c.impl.engine.AbstractCamelContext   : Apache Camel 4.16.0 (camel-1) initialized in 94ms
2025-12-15T18:28:45.949+05:30  INFO 13004 --- [core] [           main] o.a.c.impl.engine.AbstractCamelContext   : Apache Camel 4.16.0 (camel-1) is starting
2025-12-15T18:28:45.949+05:30 DEBUG 13004 --- [core] [           main] o.a.c.impl.engine.AbstractCamelContext   : Using ClassResolver=org.apache.camel.impl.engine.DefaultClassResolver@7336fd8f, PackageScanClassResolver=org.apache.camel.spring.boot.FatJarPackageScanClassResolver@701c223a, ApplicationContextClassLoader=jdk.internal.loader.ClassLoaders$AppClassLoader@42110406, RouteController=org.apache.camel.impl.engine.DefaultRouteController@550c973e
2025-12-15T18:28:45.950+05:30 DEBUG 13004 --- [core] [           main] o.a.c.impl.engine.AbstractCamelContext   : StreamCaching is disabled on CamelContext: camel-1
2025-12-15T18:28:45.952+05:30 DEBUG 13004 --- [core] [           main] o.a.c.impl.engine.AbstractCamelContext   : Using HeadersMapFactory: org.apache.camel.impl.engine.DefaultHeadersMapFactory@1f949ab9
2025-12-15T18:28:45.952+05:30 DEBUG 13004 --- [core] [           main] o.a.c.impl.engine.AbstractCamelContext   : Using ReactiveExecutor: org.apache.camel.impl.engine.DefaultReactiveExecutor@5a7b6b75
2025-12-15T18:28:45.953+05:30 DEBUG 13004 --- [core] [           main] o.a.c.impl.engine.AbstractCamelContext   : Using ThreadPoolFactory: org.apache.camel.support.DefaultThreadPoolFactory@3719360c
2025-12-15T18:28:45.953+05:30 DEBUG 13004 --- [core] [           main] o.a.c.impl.engine.AbstractCamelContext   : Using HealthCheck: camel-health
2025-12-15T18:28:45.953+05:30 DEBUG 13004 --- [core] [           main] o.a.c.i.e.InternalRouteStartupManager    : Warming up route id: route1 having autoStartup=true
2025-12-15T18:28:45.954+05:30 DEBUG 13004 --- [core] [           main] o.apache.camel.support.DefaultProducer   : Starting producer: Producer[spring-rabbitmq://demo.exchange?queues=demo]
2025-12-15T18:28:45.955+05:30  INFO 13004 --- [core] [           main] c.s.b.CamelSpringBootApplicationListener : Starting CamelMainRunController to ensure the main thread keeps running
2025-12-15T18:28:45.955+05:30 DEBUG 13004 --- [core] [inRunController] s.b.CamelSpringBootApplicationController : Controller is starting and waiting for Spring-Boot to stop or JVM to terminate
2025-12-15T18:28:45.956+05:30  INFO 13004 --- [core] [inRunController] org.apache.camel.main.MainSupport        : Apache Camel (Main) 4.16.0 is starting
2025-12-15T18:28:45.956+05:30 DEBUG 13004 --- [core] [inRunController] o.a.c.main.SimpleMainShutdownStrategy    : Await shutdown to complete
2025-12-15T18:28:45.956+05:30 DEBUG 13004 --- [core] [           main] o.a.c.i.e.DefaultStreamCachingStrategy   : StreamCaching configuration DefaultStreamCachingStrategy[spoolDirectoryEnabled=false, spoolDirectory=null, spoolCipher=null, spoolThreshold=131072, spoolUsedHeapMemoryThreshold=0, bufferSize=0, anySpoolRules=false]
2025-12-15T18:28:45.960+05:30 DEBUG 13004 --- [core] [           main] o.a.c.i.e.DefaultStreamCachingStrategy   : StreamCaching in use
2025-12-15T18:28:45.960+05:30 DEBUG 13004 --- [core] [           main] o.a.c.i.e.InternalRouteStartupManager    : Route: route1 >>> Route[spring-rabbitmq://demo.exchange?queues=demo -> null]
2025-12-15T18:28:45.961+05:30 DEBUG 13004 --- [core] [           main] o.a.c.i.e.InternalRouteStartupManager    : Starting consumer (order: 1000) on route: route1
2025-12-15T18:28:45.961+05:30 DEBUG 13004 --- [core] [           main] o.apache.camel.support.DefaultConsumer   : Build consumer: Consumer[spring-rabbitmq://demo.exchange?queues=demo]
2025-12-15T18:28:45.961+05:30 DEBUG 13004 --- [core] [           main] o.apache.camel.support.DefaultConsumer   : Init consumer: Consumer[spring-rabbitmq://demo.exchange?queues=demo]
2025-12-15T18:28:45.961+05:30 DEBUG 13004 --- [core] [           main] o.apache.camel.support.DefaultConsumer   : Starting consumer: Consumer[spring-rabbitmq://demo.exchange?queues=demo]
2025-12-15T18:28:45.969+05:30  INFO 13004 --- [core] [           main] o.s.a.r.c.CachingConnectionFactory       : Attempting to connect to: [localhost:5672]
2025-12-15T18:28:46.047+05:30  INFO 13004 --- [core] [           main] o.s.a.r.c.CachingConnectionFactory       : Created new connection: rabbitConnectionFactory#29f3c438:0/SimpleConnection@59a09be [delegate=amqp://guest@127.0.0.1:5672/, localPort=52056]
2025-12-15T18:28:46.075+05:30  INFO 13004 --- [core] [           main] o.a.c.c.s.SpringRabbitMQEndpoint         : Auto-declaring a non-durable, auto-delete, or exclusive Queue (demo)durable:false, auto-delete:false, exclusive:false. It will be redeclared if the broker stops and is restarted while the connection factory is alive, but all messages will be lost.
2025-12-15T18:28:46.084+05:30 DEBUG 13004 --- [core] [           main] .c.s.CamelDirectMessageListenerContainer : Starting Rabbit listener container.
2025-12-15T18:28:46.087+05:30  INFO 13004 --- [core] [           main] .c.s.CamelDirectMessageListenerContainer : Container initialized for queues: [demo]
2025-12-15T18:28:46.088+05:30 DEBUG 13004 --- [core] [           main] o.a.c.c.s.SpringRabbitMQConsumer         : Started listener container org.apache.camel.component.springrabbit.CamelDirectMessageListenerContainer@6164e137 on queues: demo
2025-12-15T18:28:46.088+05:30 DEBUG 13004 --- [core] [           main] o.a.c.i.e.InternalRouteStartupManager    : Route: route1 started and consuming from: spring-rabbitmq://demo.exchange
2025-12-15T18:28:46.088+05:30 DEBUG 13004 --- [core] [           main] o.a.c.impl.engine.AbstractCamelContext   : Clearing BeanIntrospection cache with 2 objects using during starting Camel
2025-12-15T18:28:46.088+05:30 DEBUG 13004 --- [core] [           main] o.a.c.impl.engine.AbstractCamelContext   : BeanIntrospection invoked 5 times during starting Camel
2025-12-15T18:28:46.089+05:30  INFO 13004 --- [core] [           main] o.a.c.impl.engine.AbstractCamelContext   : Routes startup (total:1)
2025-12-15T18:28:46.089+05:30  INFO 13004 --- [core] [           main] o.a.c.impl.engine.AbstractCamelContext   :     Started route1 (spring-rabbitmq://demo.exchange)
2025-12-15T18:28:46.089+05:30  INFO 13004 --- [core] [           main] o.a.c.impl.engine.AbstractCamelContext   : Apache Camel 4.16.0 (camel-1) started in 265ms (build:32ms init:94ms start:139ms)
2025-12-15T18:28:46.090+05:30 DEBUG 13004 --- [core] [           main] o.apache.camel.impl.DefaultCamelContext  : start() took 236 millis
2025-12-15T18:28:46.091+05:30  INFO 13004 --- [core] [           main] core.CoreApplicationTests                : Started CoreApplicationTests in 1.559 seconds (process running for 2.152)
2025-12-15T18:28:46.091+05:30 DEBUG 13004 --- [core] [           main] o.a.camel.spring.SpringCamelContext      : onApplicationEvent: org.springframework.boot.context.event.ApplicationStartedEvent[source=org.springframework.boot.SpringApplication@22b7ef2b]
2025-12-15T18:28:46.092+05:30 DEBUG 13004 --- [core] [           main] o.a.camel.spring.SpringCamelContext      : onApplicationEvent: org.springframework.boot.availability.AvailabilityChangeEvent[source=org.springframework.context.annotation.AnnotationConfigApplicationContext@7bdf6bb7, started on Mon Dec 15 18:28:44 IST 2025]
2025-12-15T18:28:46.093+05:30 DEBUG 13004 --- [core] [           main] o.a.camel.spring.SpringCamelContext      : onApplicationEvent: org.springframework.boot.context.event.ApplicationReadyEvent[source=org.springframework.boot.SpringApplication@22b7ef2b]
2025-12-15T18:28:46.094+05:30  INFO 13004 --- [core] [a.Spring.bean-1] .c.s.CamelDirectMessageListenerContainer : SimpleConsumer [queue=demo, index=0, consumerTag=amq.ctag-MfJue3bIc9nOkEBiweb3gw identity=7965bacc] started
2025-12-15T18:28:46.094+05:30 DEBUG 13004 --- [core] [pool-3-thread-3] .c.s.CamelDirectMessageListenerContainer : New SimpleConsumer [queue=demo, index=0, consumerTag=amq.ctag-MfJue3bIc9nOkEBiweb3gw identity=7965bacc] consumeOk
2025-12-15T18:28:46.094+05:30 DEBUG 13004 --- [core] [           main] o.a.camel.spring.SpringCamelContext      : onApplicationEvent: org.springframework.boot.availability.AvailabilityChangeEvent[source=org.springframework.context.annotation.AnnotationConfigApplicationContext@7bdf6bb7, started on Mon Dec 15 18:28:44 IST 2025]
2025-12-15T18:28:46.095+05:30 DEBUG 13004 --- [core] [           main] o.a.camel.spring.SpringCamelContext      : onApplicationEvent: org.springframework.test.context.event.PrepareTestInstanceEvent[source=[DefaultTestContext@bb6f3f7 testClass = core.CoreApplicationTests, testInstance = core.CoreApplicationTests@388f1258, testMethod = null, testException = null, mergedContextConfiguration = [MergedContextConfiguration@62058742 testClass = core.CoreApplicationTests, locations = [], classes = [core.CoreApplication], contextInitializerClasses = [], activeProfiles = [], propertySourceDescriptors = [], propertySourceProperties = ["org.springframework.boot.test.context.SpringBootTestContextBootstrapper=true"], contextCustomizers = [org.springframework.boot.test.context.filter.ExcludeFilterContextCustomizer@4d1bf319, org.springframework.boot.test.json.DuplicateJsonObjectContextCustomizerFactory$DuplicateJsonObjectContextCustomizer@4007f65e, org.springframework.boot.test.mock.mockito.MockitoContextCustomizer@0, org.springframework.boot.test.web.client.TestRestTemplateContextCustomizer@4722ef0c, org.springframework.boot.test.autoconfigure.OnFailureConditionReportContextCustomizerFactory$OnFailureConditionReportContextCustomizer@26abb146, org.springframework.boot.test.autoconfigure.actuate.observability.ObservabilityContextCustomizerFactory$DisableObservabilityContextCustomizer@1f, org.springframework.boot.test.autoconfigure.properties.PropertyMappingContextCustomizer@0, org.springframework.boot.test.autoconfigure.web.servlet.WebDriverContextCustomizer@34bde49d, org.springframework.test.context.support.DynamicPropertiesContextCustomizer@0, org.springframework.boot.test.context.SpringBootTestAnnotation@3dfe239a], contextLoader = org.springframework.boot.test.context.SpringBootContextLoader, parent = null], attributes = {"org.springframework.test.context.event.ApplicationEventsTestExecutionListener.recordApplicationEvents" -> false}]]
2025-12-15T18:28:46.102+05:30 DEBUG 13004 --- [core] [           main] o.a.camel.spring.SpringCamelContext      : onApplicationEvent: org.springframework.test.context.event.BeforeTestMethodEvent[source=[DefaultTestContext@bb6f3f7 testClass = core.CoreApplicationTests, testInstance = core.CoreApplicationTests@388f1258, testMethod = contextLoads(), testException = null, mergedContextConfiguration = [MergedContextConfiguration@62058742 testClass = core.CoreApplicationTests, locations = [], classes = [core.CoreApplication], contextInitializerClasses = [], activeProfiles = [], propertySourceDescriptors = [], propertySourceProperties = ["org.springframework.boot.test.context.SpringBootTestContextBootstrapper=true"], contextCustomizers = [org.springframework.boot.test.context.filter.ExcludeFilterContextCustomizer@4d1bf319, org.springframework.boot.test.json.DuplicateJsonObjectContextCustomizerFactory$DuplicateJsonObjectContextCustomizer@4007f65e, org.springframework.boot.test.mock.mockito.MockitoContextCustomizer@0, org.springframework.boot.test.web.client.TestRestTemplateContextCustomizer@4722ef0c, org.springframework.boot.test.autoconfigure.OnFailureConditionReportContextCustomizerFactory$OnFailureConditionReportContextCustomizer@26abb146, org.springframework.boot.test.autoconfigure.actuate.observability.ObservabilityContextCustomizerFactory$DisableObservabilityContextCustomizer@1f, org.springframework.boot.test.autoconfigure.properties.PropertyMappingContextCustomizer@0, org.springframework.boot.test.autoconfigure.web.servlet.WebDriverContextCustomizer@34bde49d, org.springframework.test.context.support.DynamicPropertiesContextCustomizer@0, org.springframework.boot.test.context.SpringBootTestAnnotation@3dfe239a], contextLoader = org.springframework.boot.test.context.SpringBootContextLoader, parent = null], attributes = {"org.springframework.test.context.event.ApplicationEventsTestExecutionListener.recordApplicationEvents" -> false}]]
2025-12-15T18:28:46.552+05:30 DEBUG 13004 --- [core] [           main] o.a.camel.spring.SpringCamelContext      : onApplicationEvent: org.springframework.test.context.event.BeforeTestExecutionEvent[source=[DefaultTestContext@bb6f3f7 testClass = core.CoreApplicationTests, testInstance = core.CoreApplicationTests@388f1258, testMethod = contextLoads(), testException = null, mergedContextConfiguration = [MergedContextConfiguration@62058742 testClass = core.CoreApplicationTests, locations = [], classes = [core.CoreApplication], contextInitializerClasses = [], activeProfiles = [], propertySourceDescriptors = [], propertySourceProperties = ["org.springframework.boot.test.context.SpringBootTestContextBootstrapper=true"], contextCustomizers = [org.springframework.boot.test.context.filter.ExcludeFilterContextCustomizer@4d1bf319, org.springframework.boot.test.json.DuplicateJsonObjectContextCustomizerFactory$DuplicateJsonObjectContextCustomizer@4007f65e, org.springframework.boot.test.mock.mockito.MockitoContextCustomizer@0, org.springframework.boot.test.web.client.TestRestTemplateContextCustomizer@4722ef0c, org.springframework.boot.test.autoconfigure.OnFailureConditionReportContextCustomizerFactory$OnFailureConditionReportContextCustomizer@26abb146, org.springframework.boot.test.autoconfigure.actuate.observability.ObservabilityContextCustomizerFactory$DisableObservabilityContextCustomizer@1f, org.springframework.boot.test.autoconfigure.properties.PropertyMappingContextCustomizer@0, org.springframework.boot.test.autoconfigure.web.servlet.WebDriverContextCustomizer@34bde49d, org.springframework.test.context.support.DynamicPropertiesContextCustomizer@0, org.springframework.boot.test.context.SpringBootTestAnnotation@3dfe239a], contextLoader = org.springframework.boot.test.context.SpringBootContextLoader, parent = null], attributes = {"org.springframework.test.context.event.ApplicationEventsTestExecutionListener.recordApplicationEvents" -> false}]]
2025-12-15T18:28:46.558+05:30 DEBUG 13004 --- [core] [           main] o.a.camel.spring.SpringCamelContext      : onApplicationEvent: org.springframework.test.context.event.AfterTestExecutionEvent[source=[DefaultTestContext@bb6f3f7 testClass = core.CoreApplicationTests, testInstance = core.CoreApplicationTests@388f1258, testMethod = contextLoads(), testException = null, mergedContextConfiguration = [MergedContextConfiguration@62058742 testClass = core.CoreApplicationTests, locations = [], classes = [core.CoreApplication], contextInitializerClasses = [], activeProfiles = [], propertySourceDescriptors = [], propertySourceProperties = ["org.springframework.boot.test.context.SpringBootTestContextBootstrapper=true"], contextCustomizers = [org.springframework.boot.test.context.filter.ExcludeFilterContextCustomizer@4d1bf319, org.springframework.boot.test.json.DuplicateJsonObjectContextCustomizerFactory$DuplicateJsonObjectContextCustomizer@4007f65e, org.springframework.boot.test.mock.mockito.MockitoContextCustomizer@0, org.springframework.boot.test.web.client.TestRestTemplateContextCustomizer@4722ef0c, org.springframework.boot.test.autoconfigure.OnFailureConditionReportContextCustomizerFactory$OnFailureConditionReportContextCustomizer@26abb146, org.springframework.boot.test.autoconfigure.actuate.observability.ObservabilityContextCustomizerFactory$DisableObservabilityContextCustomizer@1f, org.springframework.boot.test.autoconfigure.properties.PropertyMappingContextCustomizer@0, org.springframework.boot.test.autoconfigure.web.servlet.WebDriverContextCustomizer@34bde49d, org.springframework.test.context.support.DynamicPropertiesContextCustomizer@0, org.springframework.boot.test.context.SpringBootTestAnnotation@3dfe239a], contextLoader = org.springframework.boot.test.context.SpringBootContextLoader, parent = null], attributes = {"org.springframework.test.context.event.ApplicationEventsTestExecutionListener.recordApplicationEvents" -> false}]]
2025-12-15T18:28:46.562+05:30 DEBUG 13004 --- [core] [           main] o.a.camel.spring.SpringCamelContext      : onApplicationEvent: org.springframework.test.context.event.AfterTestMethodEvent[source=[DefaultTestContext@bb6f3f7 testClass = core.CoreApplicationTests, testInstance = core.CoreApplicationTests@388f1258, testMethod = contextLoads(), testException = null, mergedContextConfiguration = [MergedContextConfiguration@62058742 testClass = core.CoreApplicationTests, locations = [], classes = [core.CoreApplication], contextInitializerClasses = [], activeProfiles = [], propertySourceDescriptors = [], propertySourceProperties = ["org.springframework.boot.test.context.SpringBootTestContextBootstrapper=true"], contextCustomizers = [org.springframework.boot.test.context.filter.ExcludeFilterContextCustomizer@4d1bf319, org.springframework.boot.test.json.DuplicateJsonObjectContextCustomizerFactory$DuplicateJsonObjectContextCustomizer@4007f65e, org.springframework.boot.test.mock.mockito.MockitoContextCustomizer@0, org.springframework.boot.test.web.client.TestRestTemplateContextCustomizer@4722ef0c, org.springframework.boot.test.autoconfigure.OnFailureConditionReportContextCustomizerFactory$OnFailureConditionReportContextCustomizer@26abb146, org.springframework.boot.test.autoconfigure.actuate.observability.ObservabilityContextCustomizerFactory$DisableObservabilityContextCustomizer@1f, org.springframework.boot.test.autoconfigure.properties.PropertyMappingContextCustomizer@0, org.springframework.boot.test.autoconfigure.web.servlet.WebDriverContextCustomizer@34bde49d, org.springframework.test.context.support.DynamicPropertiesContextCustomizer@0, org.springframework.boot.test.context.SpringBootTestAnnotation@3dfe239a], contextLoader = org.springframework.boot.test.context.SpringBootContextLoader, parent = null], attributes = {"org.springframework.test.context.event.ApplicationEventsTestExecutionListener.recordApplicationEvents" -> false}]]
]]></system-out>
  </testcase>
</testsuite>